[debug] [2024-02-26T16:08:58.129Z] ----------------------------------------------------------------------
[debug] [2024-02-26T16:08:58.130Z] Command:       C:\Users\Casa\DOWNLO~1\firebase-tools-instant-win.exe C:\Users\Casa\.cache\firebase\tools\lib\node_modules\firebase-tools\lib\bin\firebase init
[debug] [2024-02-26T16:08:58.130Z] CLI Version:   13.3.1
[debug] [2024-02-26T16:08:58.130Z] Platform:      win32
[debug] [2024-02-26T16:08:58.131Z] Node Version:  v18.5.0
[debug] [2024-02-26T16:08:58.131Z] Time:          Mon Feb 26 2024 17:08:58 GMT+0100 (GMT+01:00)
[debug] [2024-02-26T16:08:58.131Z] ----------------------------------------------------------------------
[debug] 
[debug] [2024-02-26T16:08:58.138Z] > command requires scopes: ["email","openid","https://www.googleapis.com/auth/cloudplatformprojects.readonly","https://www.googleapis.com/auth/firebase","https://www.googleapis.com/auth/cloud-platform"]
[debug] [2024-02-26T16:08:58.138Z] > authorizing via signed-in user (dora.sparagno@gmail.com)
[info] 
     ######## #### ########  ######## ########     ###     ######  ########
     ##        ##  ##     ## ##       ##     ##  ##   ##  ##       ##
     ######    ##  ########  ######   ########  #########  ######  ######
     ##        ##  ##    ##  ##       ##     ## ##     ##       ## ##
     ##       #### ##     ## ######## ########  ##     ##  ######  ########

You're about to initialize a Firebase project in this directory:

  C:\Users\Casa\Desktop\Tour-of-Heroes\dist

[info] 
=== Project Setup
[info] 
[info] First, let's associate this project directory with a Firebase project.
[info] You can create multiple project aliases by running firebase use --add, 
[info] but for now we'll just set up a default project.
[info] 
[info] i  If you want to create a project in a Google Cloud organization or folder, please use "firebase projects:create" instead, and return to this command when you've created the project. 
[debug] [2024-02-26T16:17:10.961Z] ----------------------------------------------------------------------
[debug] [2024-02-26T16:17:10.962Z] Command:       C:\Users\Casa\DOWNLO~1\firebase-tools-instant-win.exe C:\Users\Casa\.cache\firebase\tools\lib\node_modules\firebase-tools\lib\bin\firebase init
[debug] [2024-02-26T16:17:10.963Z] CLI Version:   13.3.1
[debug] [2024-02-26T16:17:10.963Z] Platform:      win32
[debug] [2024-02-26T16:17:10.963Z] Node Version:  v18.5.0
[debug] [2024-02-26T16:17:10.964Z] Time:          Mon Feb 26 2024 17:17:10 GMT+0100 (GMT+01:00)
[debug] [2024-02-26T16:17:10.964Z] ----------------------------------------------------------------------
[debug] 
[debug] [2024-02-26T16:17:10.968Z] > command requires scopes: ["email","openid","https://www.googleapis.com/auth/cloudplatformprojects.readonly","https://www.googleapis.com/auth/firebase","https://www.googleapis.com/auth/cloud-platform"]
[debug] [2024-02-26T16:17:10.969Z] > authorizing via signed-in user (dora.sparagno@gmail.com)
[info] 
     ######## #### ########  ######## ########     ###     ######  ########
     ##        ##  ##     ## ##       ##     ##  ##   ##  ##       ##
     ######    ##  ########  ######   ########  #########  ######  ######
     ##        ##  ##    ##  ##       ##     ## ##     ##       ## ##
     ##       #### ##     ## ######## ########  ##     ##  ######  ########

You're about to initialize a Firebase project in this directory:

  C:\Users\Casa\Desktop\Tour-of-Heroes\dist

[info] 
=== Project Setup
[info] 
[info] First, let's associate this project directory with a Firebase project.
[info] You can create multiple project aliases by running firebase use --add, 
[info] but for now we'll just set up a default project.
[info] 
[debug] [2024-02-26T16:17:31.223Z] >>> [apiv2][query] GET https://firebase.googleapis.com/v1beta1/projects pageSize=100
[debug] [2024-02-26T16:17:31.779Z] <<< [apiv2][status] GET https://firebase.googleapis.com/v1beta1/projects 200
[debug] [2024-02-26T16:17:31.779Z] <<< [apiv2][body] GET https://firebase.googleapis.com/v1beta1/projects [omitted]
[info] i  Using project tour-of-heroes-c8013 (Tour of Heroes) 
[info] 
=== Hosting Setup
[debug] [2024-02-26T16:17:34.773Z] >>> [apiv2][query] GET https://firebase.googleapis.com/v1beta1/projects/tour-of-heroes-c8013 [none]
[debug] [2024-02-26T16:17:35.073Z] <<< [apiv2][status] GET https://firebase.googleapis.com/v1beta1/projects/tour-of-heroes-c8013 200
[debug] [2024-02-26T16:17:35.074Z] <<< [apiv2][body] GET https://firebase.googleapis.com/v1beta1/projects/tour-of-heroes-c8013 {"projectId":"tour-of-heroes-c8013","projectNumber":"643818979779","displayName":"Tour of Heroes","name":"projects/tour-of-heroes-c8013","resources":{"hostingSite":"tour-of-heroes-c8013"},"state":"ACTIVE","etag":"1_564f441d-d71c-46c0-9814-52a027bcf0a3"}
[info] 
[info] Your public directory is the folder (relative to your project directory) that
[info] will contain Hosting assets to be uploaded with firebase deploy. If you
[info] have a build process for your assets, use your build's output directory.
[info] 
